c:\users\richmond\onedrive\desktop\rtis\y1t2\csd 1450\project\.tmp\debug-x64\vc142.pdb
c:\users\richmond\onedrive\desktop\rtis\y1t2\csd 1450\project\.tmp\debug-x64\vc142.idb
c:\users\richmond\onedrive\desktop\rtis\y1t2\csd 1450\project\.tmp\debug-x64\pch.obj
c:\users\richmond\onedrive\desktop\rtis\y1t2\csd 1450\project\.tmp\debug-x64\input.obj
c:\users\richmond\onedrive\desktop\rtis\y1t2\csd 1450\project\.tmp\debug-x64\systems.obj
c:\users\richmond\onedrive\desktop\rtis\y1t2\csd 1450\project\.tmp\debug-x64\menu.obj
c:\users\richmond\onedrive\desktop\rtis\y1t2\csd 1450\project\.tmp\debug-x64\maze.obj
c:\users\richmond\onedrive\desktop\rtis\y1t2\csd 1450\project\.tmp\debug-x64\main.obj
c:\users\richmond\onedrive\desktop\rtis\y1t2\csd 1450\project\.tmp\debug-x64\gamestatemanager.obj
c:\users\richmond\onedrive\desktop\rtis\y1t2\csd 1450\project\.tmp\debug-x64\combat.obj
c:\users\richmond\onedrive\desktop\rtis\y1t2\csd 1450\project\bin\debug-x64\project.exe
c:\users\richmond\onedrive\desktop\rtis\y1t2\csd 1450\project\bin\debug-x64\project.ilk
c:\users\richmond\onedrive\desktop\rtis\y1t2\csd 1450\project\bin\debug-x64\project.pdb
c:\users\richmond\onedrive\desktop\rtis\y1t2\csd 1450\project\.tmp\debug-x64\project.ilk
c:\users\richmond\onedrive\desktop\rtis\y1t2\csd 1450\project\\bin\debug-x64\project.pdb
c:\users\richmond\onedrive\desktop\rtis\y1t2\csd 1450\project\\bin\debug-x64\project.ilk
c:\users\richmond\onedrive\desktop\rtis\y1t2\csd 1450\project\.tmp\debug-x64\project.tlog\cl.command.1.tlog
c:\users\richmond\onedrive\desktop\rtis\y1t2\csd 1450\project\.tmp\debug-x64\project.tlog\cl.read.1.tlog
c:\users\richmond\onedrive\desktop\rtis\y1t2\csd 1450\project\.tmp\debug-x64\project.tlog\cl.write.1.tlog
c:\users\richmond\onedrive\desktop\rtis\y1t2\csd 1450\project\.tmp\debug-x64\project.tlog\link.command.1.tlog
c:\users\richmond\onedrive\desktop\rtis\y1t2\csd 1450\project\.tmp\debug-x64\project.tlog\link.delete.1.tlog
c:\users\richmond\onedrive\desktop\rtis\y1t2\csd 1450\project\.tmp\debug-x64\project.tlog\link.read.1.tlog
c:\users\richmond\onedrive\desktop\rtis\y1t2\csd 1450\project\.tmp\debug-x64\project.tlog\link.write.1.tlog
